--- Startup times for process: Primary (or UI client) ---

times in msec
 clock   self+sourced   self:  sourced script
 clock   elapsed:              other lines

000.008  000.008: --- NVIM STARTING ---
000.037  000.029: event init
000.126  000.089: early init
000.210  000.085: locale set
000.226  000.015: init first window
000.674  000.448: inits 1
000.728  000.054: window checked
000.733  000.004: parsing arguments
001.492  000.274  000.274: require('vim.shared')
001.948  000.119  000.119: require('vim.inspect')
002.130  000.167  000.167: require('vim._options')
002.132  000.635  000.349: require('vim._editor')
002.134  000.991  000.082: require('vim._init_packages')
002.139  000.416: init lua interpreter
007.060  004.921: nvim_ui_attach
007.410  000.349: nvim_set_client_info
007.415  000.006: --- NVIM STARTED ---

--- Startup times for process: Embedded ---

times in msec
 clock   self+sourced   self:  sourced script
 clock   elapsed:              other lines

000.004  000.004: --- NVIM STARTING ---
000.029  000.025: event init
000.121  000.092: early init
000.204  000.084: locale set
000.217  000.013: init first window
000.677  000.460: inits 1
000.704  000.027: window checked
000.708  000.004: parsing arguments
001.583  000.365  000.365: require('vim.shared')
002.087  000.119  000.119: require('vim.inspect')
002.277  000.183  000.183: require('vim._options')
002.280  000.656  000.353: require('vim._editor')
002.281  001.155  000.134: require('vim._init_packages')
002.286  000.423: init lua interpreter
002.423  000.138: expanding arguments
002.438  000.015: inits 2
002.595  000.156: init highlight
002.596  000.002: waiting for UI
002.684  000.088: done waiting for UI
002.687  000.004: clear screen
003.012  000.024  000.024: require('vim.keymap')
003.455  000.106  000.106: sourcing nvim_exec2()
004.474  000.899  000.899: require('vim.termcap')
004.606  000.104  000.104: require('vim.text')
008.979  006.289  005.156: require('vim._defaults')
008.984  000.008: init default mappings & autocommands
009.141  000.051  000.051: sourcing C:\Program Files\Neovim\share\nvim\runtime\ftplugin.vim
009.239  000.020  000.020: sourcing C:\Program Files\Neovim\share\nvim\runtime\indent.vim
009.784  000.192  000.192: require('vim.fs')
010.243  000.454  000.454: require('vim.uri')
010.256  000.850  000.205: require('vim.loader')
012.076  001.070  001.070: require('vim.filetype')
012.100  001.764  000.695: require('core.options')
012.249  000.146  000.146: require('core.project_detection')
012.380  000.124  000.124: require('lazy')
012.539  000.071  000.071: require('plugins.ui')
012.619  000.058  000.058: require('plugins.telescope')
012.676  000.049  000.049: require('plugins.neo_tree')
012.731  000.046  000.046: require('plugins.git')
023.561  010.828  010.828: require('plugins.treesitter')
023.644  000.063  000.063: require('plugins.tools')
023.735  000.074  000.074: require('plugins.lsp')
023.799  000.051  000.051: require('plugins.cmp')
023.898  000.090  000.090: require('plugins.conform')
023.983  000.078  000.078: require('plugins.dap')
024.040  000.054  000.054: require('plugins.terminal')
024.097  000.055  000.055: require('plugins.cmake')
024.146  000.047  000.047: require('plugins.overseer')
024.211  000.062  000.062: require('plugins.ue5')
024.271  000.058  000.058: require('plugins.gui')
024.319  000.046  000.046: require('plugins.jupyter')
024.365  000.044  000.044: require('plugins.databases')
024.422  000.055  000.055: require('plugins.project_templates')
024.517  000.093  000.093: require('plugins.project_nvim')
024.520  012.138  000.218: require('plugins')
024.541  000.011  000.011: require('ffi')
024.615  000.070  000.070: require('lazy.stats')
024.844  000.095  000.095: require('lazy.core.util')
024.935  000.088  000.088: require('lazy.core.config')
025.117  000.102  000.102: require('lazy.core.handler')
025.349  000.066  000.066: require('lazy.pkg')
025.354  000.134  000.068: require('lazy.core.meta')
025.358  000.238  000.104: require('lazy.core.plugin')
025.362  000.425  000.085: require('lazy.core.loader')
025.573  000.068  000.068: require('lazy.core.fragments')
031.088  000.112  000.112: require('lazy.core.handler.event')
031.236  000.142  000.142: require('lazy.core.handler.cmd')
031.380  000.138  000.138: require('lazy.core.handler.ft')
031.481  000.097  000.097: require('lazy.core.handler.keys')
031.698  000.010  000.010: sourcing nvim_exec2() called at E:\Neovim Config\init.lua:0
031.752  000.002  000.002: sourcing nvim_exec2() called at E:\Neovim Config\init.lua:0
031.942  000.002  000.002: sourcing nvim_exec2() called at E:\Neovim Config\init.lua:0
031.980  000.001  000.001: sourcing nvim_exec2() called at E:\Neovim Config\init.lua:0
032.000  000.001  000.001: sourcing nvim_exec2() called at E:\Neovim Config\init.lua:0
032.024  000.001  000.001: sourcing nvim_exec2() called at E:\Neovim Config\init.lua:0
032.775  000.235  000.235: sourcing nvim_exec2() called at C:\Program Files\Neovim\share/nvim/runtime/filetype.lua:0
032.780  000.325  000.090: sourcing C:\Program Files\Neovim\share/nvim/runtime/filetype.lua
032.787  000.506  000.181: sourcing nvim_exec2() called at E:\Neovim Config\init.lua:0
032.866  000.001  000.001: sourcing nvim_exec2() called at E:\Neovim Config\init.lua:0
032.877  000.001  000.001: sourcing nvim_exec2() called at E:\Neovim Config\init.lua:0
033.602  000.094  000.094: require('tokyonight.config')
033.607  000.723  000.629: require('tokyonight')
035.147  000.085  000.085: require('tokyonight.util')
035.152  000.191  000.107: require('tokyonight.theme')
035.307  000.080  000.080: require('tokyonight.colors')
035.449  000.064  000.064: require('tokyonight.colors.storm')
035.525  000.057  000.057: require('tokyonight.hsluv')
035.780  000.087  000.087: require('tokyonight.groups')
036.187  001.323  000.843: sourcing C:\Users\User\AppData\Local\nvim-data\lazy\tokyonight.nvim\colors\tokyonight-night.lua
036.427  000.056  000.056: sourcing C:/Users/User/AppData/Local/nvim-data/lazy/conform.nvim/plugin/conform.lua
036.435  000.131  000.075: sourcing nvim_exec2() called at E:\Neovim Config\init.lua:0
036.448  000.002  000.002: sourcing nvim_exec2() called at E:\Neovim Config\init.lua:0
036.465  000.001  000.001: sourcing nvim_exec2() called at E:\Neovim Config\init.lua:0
036.851  000.340  000.340: require('conform')
037.123  000.062  000.062: sourcing C:\Program Files\Neovim\share/nvim/runtime/plugin/editorconfig.lua
037.133  000.138  000.075: sourcing nvim_exec2() called at E:\Neovim Config\init.lua:0
037.251  000.053  000.053: sourcing C:\Program Files\Neovim\share/nvim/runtime/plugin/man.lua
037.258  000.121  000.068: sourcing nvim_exec2() called at E:\Neovim Config\init.lua:0
037.855  000.111  000.111: sourcing C:\Program Files\Neovim\share\nvim\runtime\pack\dist\opt\matchit\plugin\matchit.vim
037.878  000.558  000.447: sourcing C:\Program Files\Neovim\share/nvim/runtime/plugin/matchit.vim
037.883  000.621  000.063: sourcing nvim_exec2() called at E:\Neovim Config\init.lua:0
038.041  000.087  000.087: sourcing C:\Program Files\Neovim\share/nvim/runtime/plugin/matchparen.vim
038.048  000.159  000.072: sourcing nvim_exec2() called at E:\Neovim Config\init.lua:0
038.187  000.058  000.058: sourcing C:\Program Files\Neovim\share/nvim/runtime/plugin/osc52.lua
038.194  000.130  000.072: sourcing nvim_exec2() called at E:\Neovim Config\init.lua:0
038.433  000.010  000.010: sourcing C:\Users\User\AppData\Local\nvim-data/rplugin.vim
038.442  000.182  000.172: sourcing C:\Program Files\Neovim\share/nvim/runtime/plugin/rplugin.vim
038.447  000.249  000.067: sourcing nvim_exec2() called at E:\Neovim Config\init.lua:0
038.550  000.037  000.037: sourcing C:\Program Files\Neovim\share/nvim/runtime/plugin/shada.vim
038.556  000.099  000.062: sourcing nvim_exec2() called at E:\Neovim Config\init.lua:0
038.639  000.014  000.014: sourcing C:\Program Files\Neovim\share/nvim/runtime/plugin/spellfile.vim
038.644  000.084  000.070: sourcing nvim_exec2() called at E:\Neovim Config\init.lua:0
040.618  000.022  000.022: require('vim.F')
040.671  000.228  000.206: require('vim.diagnostic')
041.042  000.055  000.055: sourcing C:/Users/User/AppData/Local/nvim-data/lazy/which-key.nvim/plugin/which-key.lua
041.052  000.135  000.079: sourcing nvim_exec2() called at E:\Neovim Config\init.lua:0
041.059  000.002  000.002: sourcing nvim_exec2() called at E:\Neovim Config\init.lua:0
041.081  000.001  000.001: sourcing nvim_exec2() called at E:\Neovim Config\init.lua:0
041.468  000.364  000.364: require('which-key')
041.550  000.079  000.079: require('which-key.config')
041.578  000.897  000.317: require('which-key')
041.583  002.854  001.729: require('core.keymaps')
041.593  032.301  008.535: sourcing E:\Neovim Config\init.lua
041.602  000.245: sourcing vimrc file(s)
041.790  000.056  000.056: sourcing C:\Program Files\Neovim\share\nvim\runtime\filetype.lua
042.271  000.048  000.048: sourcing C:\Program Files\Neovim\share\nvim\runtime\syntax\synload.vim
042.416  000.323  000.275: sourcing C:\Program Files\Neovim\share/nvim/runtime/syntax/syntax.vim
042.428  000.448: inits 3
043.337  000.909: reading ShaDa
043.414  000.077: opening buffers
043.416  000.002: BufEnter autocommands
043.418  000.003: editing files in windows
043.426  000.008: --- NVIM STARTED ---

